{"/home/test/ecommerce-devops/payment-service/src/server.js": {"path":"/home/test/ecommerce-devops/payment-service/src/server.js","statementMap":{"0":{"start":{"line":1,"column":16},"end":{"line":1,"column":34}},"1":{"start":{"line":2,"column":13},"end":{"line":2,"column":28}},"2":{"start":{"line":3,"column":15},"end":{"line":3,"column":32}},"3":{"start":{"line":4,"column":23},"end":{"line":4,"column":38}},"4":{"start":{"line":6,"column":12},"end":{"line":6,"column":21}},"5":{"start":{"line":7,"column":13},"end":{"line":7,"column":37}},"6":{"start":{"line":9,"column":0},"end":{"line":9,"column":16}},"7":{"start":{"line":10,"column":0},"end":{"line":10,"column":24}},"8":{"start":{"line":11,"column":0},"end":{"line":11,"column":23}},"9":{"start":{"line":14,"column":21},"end":{"line":14,"column":23}},"10":{"start":{"line":17,"column":24},"end":{"line":17,"column":90}},"11":{"start":{"line":19,"column":0},"end":{"line":21,"column":3}},"12":{"start":{"line":20,"column":2},"end":{"line":20,"column":94}},"13":{"start":{"line":23,"column":0},"end":{"line":61,"column":3}},"14":{"start":{"line":24,"column":78},"end":{"line":24,"column":86}},"15":{"start":{"line":26,"column":2},"end":{"line":28,"column":3}},"16":{"start":{"line":27,"column":4},"end":{"line":27,"column":77}},"17":{"start":{"line":30,"column":2},"end":{"line":32,"column":3}},"18":{"start":{"line":31,"column":4},"end":{"line":31,"column":111}},"19":{"start":{"line":34,"column":2},"end":{"line":36,"column":3}},"20":{"start":{"line":35,"column":4},"end":{"line":35,"column":61}},"21":{"start":{"line":39,"column":18},"end":{"line":39,"column":37}},"22":{"start":{"line":40,"column":24},"end":{"line":40,"column":32}},"23":{"start":{"line":42,"column":22},"end":{"line":51,"column":3}},"24":{"start":{"line":53,"column":2},"end":{"line":53,"column":55}},"25":{"start":{"line":53,"column":29},"end":{"line":53,"column":55}},"26":{"start":{"line":54,"column":2},"end":{"line":54,"column":41}},"27":{"start":{"line":56,"column":2},"end":{"line":60,"column":3}},"28":{"start":{"line":57,"column":4},"end":{"line":57,"column":103}},"29":{"start":{"line":59,"column":4},"end":{"line":59,"column":85}},"30":{"start":{"line":63,"column":0},"end":{"line":67,"column":3}},"31":{"start":{"line":64,"column":21},"end":{"line":64,"column":31}},"32":{"start":{"line":65,"column":27},"end":{"line":65,"column":53}},"33":{"start":{"line":66,"column":2},"end":{"line":66,"column":47}},"34":{"start":{"line":69,"column":0},"end":{"line":76,"column":3}},"35":{"start":{"line":70,"column":28},"end":{"line":70,"column":38}},"36":{"start":{"line":71,"column":2},"end":{"line":74,"column":3}},"37":{"start":{"line":72,"column":16},"end":{"line":72,"column":81}},"38":{"start":{"line":72,"column":47},"end":{"line":72,"column":80}},"39":{"start":{"line":73,"column":4},"end":{"line":73,"column":51}},"40":{"start":{"line":73,"column":13},"end":{"line":73,"column":51}},"41":{"start":{"line":75,"column":2},"end":{"line":75,"column":59}},"42":{"start":{"line":78,"column":0},"end":{"line":97,"column":3}},"43":{"start":{"line":79,"column":28},"end":{"line":79,"column":36}},"44":{"start":{"line":81,"column":2},"end":{"line":83,"column":3}},"45":{"start":{"line":82,"column":4},"end":{"line":82,"column":72}},"46":{"start":{"line":85,"column":2},"end":{"line":95,"column":3}},"47":{"start":{"line":86,"column":16},"end":{"line":86,"column":81}},"48":{"start":{"line":86,"column":47},"end":{"line":86,"column":80}},"49":{"start":{"line":87,"column":4},"end":{"line":94,"column":5}},"50":{"start":{"line":88,"column":6},"end":{"line":90,"column":7}},"51":{"start":{"line":89,"column":8},"end":{"line":89,"column":79}},"52":{"start":{"line":91,"column":6},"end":{"line":91,"column":30}},"53":{"start":{"line":92,"column":6},"end":{"line":92,"column":48}},"54":{"start":{"line":93,"column":6},"end":{"line":93,"column":101}},"55":{"start":{"line":96,"column":2},"end":{"line":96,"column":59}},"56":{"start":{"line":99,"column":0},"end":{"line":101,"column":3}},"57":{"start":{"line":100,"column":2},"end":{"line":100,"column":48}},"58":{"start":{"line":103,"column":0},"end":{"line":105,"column":3}},"59":{"start":{"line":104,"column":2},"end":{"line":104,"column":41}},"60":{"start":{"line":107,"column":15},"end":{"line":109,"column":2}},"61":{"start":{"line":108,"column":2},"end":{"line":108,"column":57}},"62":{"start":{"line":111,"column":0},"end":{"line":111,"column":33}}},"fnMap":{"0":{"name":"(anonymous_0)","decl":{"start":{"line":19,"column":23},"end":{"line":19,"column":24}},"loc":{"start":{"line":19,"column":37},"end":{"line":21,"column":1}},"line":19},"1":{"name":"(anonymous_1)","decl":{"start":{"line":23,"column":34},"end":{"line":23,"column":35}},"loc":{"start":{"line":23,"column":48},"end":{"line":61,"column":1}},"line":23},"2":{"name":"(anonymous_2)","decl":{"start":{"line":63,"column":46},"end":{"line":63,"column":47}},"loc":{"start":{"line":63,"column":60},"end":{"line":67,"column":1}},"line":63},"3":{"name":"(anonymous_3)","decl":{"start":{"line":69,"column":52},"end":{"line":69,"column":53}},"loc":{"start":{"line":69,"column":66},"end":{"line":76,"column":1}},"line":69},"4":{"name":"(anonymous_4)","decl":{"start":{"line":72,"column":42},"end":{"line":72,"column":43}},"loc":{"start":{"line":72,"column":47},"end":{"line":72,"column":80}},"line":72},"5":{"name":"(anonymous_5)","decl":{"start":{"line":78,"column":33},"end":{"line":78,"column":34}},"loc":{"start":{"line":78,"column":47},"end":{"line":97,"column":1}},"line":78},"6":{"name":"(anonymous_6)","decl":{"start":{"line":86,"column":42},"end":{"line":86,"column":43}},"loc":{"start":{"line":86,"column":47},"end":{"line":86,"column":80}},"line":86},"7":{"name":"(anonymous_7)","decl":{"start":{"line":99,"column":33},"end":{"line":99,"column":34}},"loc":{"start":{"line":99,"column":47},"end":{"line":101,"column":1}},"line":99},"8":{"name":"(anonymous_8)","decl":{"start":{"line":103,"column":19},"end":{"line":103,"column":20}},"loc":{"start":{"line":103,"column":33},"end":{"line":105,"column":1}},"line":103},"9":{"name":"(anonymous_9)","decl":{"start":{"line":107,"column":32},"end":{"line":107,"column":33}},"loc":{"start":{"line":107,"column":38},"end":{"line":109,"column":1}},"line":107}},"branchMap":{"0":{"loc":{"start":{"line":7,"column":13},"end":{"line":7,"column":37}},"type":"binary-expr","locations":[{"start":{"line":7,"column":13},"end":{"line":7,"column":29}},{"start":{"line":7,"column":33},"end":{"line":7,"column":37}}],"line":7},"1":{"loc":{"start":{"line":24,"column":26},"end":{"line":24,"column":42}},"type":"default-arg","locations":[{"start":{"line":24,"column":37},"end":{"line":24,"column":42}}],"line":24},"2":{"loc":{"start":{"line":24,"column":44},"end":{"line":24,"column":73}},"type":"default-arg","locations":[{"start":{"line":24,"column":60},"end":{"line":24,"column":73}}],"line":24},"3":{"loc":{"start":{"line":26,"column":2},"end":{"line":28,"column":3}},"type":"if","locations":[{"start":{"line":26,"column":2},"end":{"line":28,"column":3}},{"start":{},"end":{}}],"line":26},"4":{"loc":{"start":{"line":26,"column":6},"end":{"line":26,"column":24}},"type":"binary-expr","locations":[{"start":{"line":26,"column":6},"end":{"line":26,"column":13}},{"start":{"line":26,"column":17},"end":{"line":26,"column":24}}],"line":26},"5":{"loc":{"start":{"line":30,"column":2},"end":{"line":32,"column":3}},"type":"if","locations":[{"start":{"line":30,"column":2},"end":{"line":32,"column":3}},{"start":{},"end":{}}],"line":30},"6":{"loc":{"start":{"line":34,"column":2},"end":{"line":36,"column":3}},"type":"if","locations":[{"start":{"line":34,"column":2},"end":{"line":36,"column":3}},{"start":{},"end":{}}],"line":34},"7":{"loc":{"start":{"line":48,"column":12},"end":{"line":48,"column":42}},"type":"cond-expr","locations":[{"start":{"line":48,"column":22},"end":{"line":48,"column":31}},{"start":{"line":48,"column":34},"end":{"line":48,"column":42}}],"line":48},"8":{"loc":{"start":{"line":49,"column":13},"end":{"line":49,"column":76}},"type":"cond-expr","locations":[{"start":{"line":49,"column":23},"end":{"line":49,"column":55}},{"start":{"line":49,"column":58},"end":{"line":49,"column":76}}],"line":49},"9":{"loc":{"start":{"line":53,"column":2},"end":{"line":53,"column":55}},"type":"if","locations":[{"start":{"line":53,"column":2},"end":{"line":53,"column":55}},{"start":{},"end":{}}],"line":53},"10":{"loc":{"start":{"line":56,"column":2},"end":{"line":60,"column":3}},"type":"if","locations":[{"start":{"line":56,"column":2},"end":{"line":60,"column":3}},{"start":{"line":58,"column":9},"end":{"line":60,"column":3}}],"line":56},"11":{"loc":{"start":{"line":65,"column":27},"end":{"line":65,"column":53}},"type":"binary-expr","locations":[{"start":{"line":65,"column":27},"end":{"line":65,"column":47}},{"start":{"line":65,"column":51},"end":{"line":65,"column":53}}],"line":65},"12":{"loc":{"start":{"line":73,"column":4},"end":{"line":73,"column":51}},"type":"if","locations":[{"start":{"line":73,"column":4},"end":{"line":73,"column":51}},{"start":{},"end":{}}],"line":73},"13":{"loc":{"start":{"line":81,"column":2},"end":{"line":83,"column":3}},"type":"if","locations":[{"start":{"line":81,"column":2},"end":{"line":83,"column":3}},{"start":{},"end":{}}],"line":81},"14":{"loc":{"start":{"line":87,"column":4},"end":{"line":94,"column":5}},"type":"if","locations":[{"start":{"line":87,"column":4},"end":{"line":94,"column":5}},{"start":{},"end":{}}],"line":87},"15":{"loc":{"start":{"line":88,"column":6},"end":{"line":90,"column":7}},"type":"if","locations":[{"start":{"line":88,"column":6},"end":{"line":90,"column":7}},{"start":{},"end":{}}],"line":88}},"s":{"0":1,"1":1,"2":1,"3":1,"4":1,"5":1,"6":1,"7":1,"8":1,"9":1,"10":1,"11":1,"12":1,"13":1,"14":2,"15":2,"16":1,"17":1,"18":0,"19":1,"20":0,"21":1,"22":1,"23":1,"24":1,"25":1,"26":1,"27":1,"28":1,"29":0,"30":1,"31":1,"32":1,"33":1,"34":1,"35":0,"36":0,"37":0,"38":0,"39":0,"40":0,"41":0,"42":1,"43":0,"44":0,"45":0,"46":0,"47":0,"48":0,"49":0,"50":0,"51":0,"52":0,"53":0,"54":0,"55":0,"56":1,"57":1,"58":1,"59":0,"60":1,"61":1,"62":1},"f":{"0":1,"1":2,"2":1,"3":0,"4":0,"5":0,"6":0,"7":1,"8":0,"9":1},"b":{"0":[1,1],"1":[2],"2":[1],"3":[1,1],"4":[2,1],"5":[0,1],"6":[0,1],"7":[1,0],"8":[1,0],"9":[1,0],"10":[1,0],"11":[1,0],"12":[0,0],"13":[0,0],"14":[0,0],"15":[0,0]},"_coverageSchema":"1a1c01bbd47fc00a2c39e90264f33305004495a9","hash":"f8bcbfd83280902ebd4a270fdc34753fde90958e"}
}
