TN:
SF:src/server.js
FN:19,(anonymous_0)
FN:23,(anonymous_1)
FN:63,(anonymous_2)
FN:69,(anonymous_3)
FN:72,(anonymous_4)
FN:78,(anonymous_5)
FN:86,(anonymous_6)
FN:99,(anonymous_7)
FN:103,(anonymous_8)
FN:107,(anonymous_9)
FNF:10
FNH:5
FNDA:1,(anonymous_0)
FNDA:2,(anonymous_1)
FNDA:1,(anonymous_2)
FNDA:0,(anonymous_3)
FNDA:0,(anonymous_4)
FNDA:0,(anonymous_5)
FNDA:0,(anonymous_6)
FNDA:1,(anonymous_7)
FNDA:0,(anonymous_8)
FNDA:1,(anonymous_9)
DA:1,1
DA:2,1
DA:3,1
DA:4,1
DA:6,1
DA:7,1
DA:9,1
DA:10,1
DA:11,1
DA:14,1
DA:17,1
DA:19,1
DA:20,1
DA:23,1
DA:24,2
DA:26,2
DA:27,1
DA:30,1
DA:31,0
DA:34,1
DA:35,0
DA:39,1
DA:40,1
DA:42,1
DA:53,1
DA:54,1
DA:56,1
DA:57,1
DA:59,0
DA:63,1
DA:64,1
DA:65,1
DA:66,1
DA:69,1
DA:70,0
DA:71,0
DA:72,0
DA:73,0
DA:75,0
DA:78,1
DA:79,0
DA:81,0
DA:82,0
DA:85,0
DA:86,0
DA:87,0
DA:88,0
DA:89,0
DA:91,0
DA:92,0
DA:93,0
DA:96,0
DA:99,1
DA:100,1
DA:103,1
DA:104,0
DA:107,1
DA:108,1
DA:111,1
LF:59
LH:38
BRDA:7,0,0,1
BRDA:7,0,1,1
BRDA:24,1,0,2
BRDA:24,2,0,1
BRDA:26,3,0,1
BRDA:26,3,1,1
BRDA:26,4,0,2
BRDA:26,4,1,1
BRDA:30,5,0,0
BRDA:30,5,1,1
BRDA:34,6,0,0
BRDA:34,6,1,1
BRDA:48,7,0,1
BRDA:48,7,1,0
BRDA:49,8,0,1
BRDA:49,8,1,0
BRDA:53,9,0,1
BRDA:53,9,1,0
BRDA:56,10,0,1
BRDA:56,10,1,0
BRDA:65,11,0,1
BRDA:65,11,1,0
BRDA:73,12,0,0
BRDA:73,12,1,0
BRDA:81,13,0,0
BRDA:81,13,1,0
BRDA:87,14,0,0
BRDA:87,14,1,0
BRDA:88,15,0,0
BRDA:88,15,1,0
BRF:30
BRH:15
end_of_record
