{"/home/test/ecommerce-devops/order-service/src/server.js": {"path":"/home/test/ecommerce-devops/order-service/src/server.js","statementMap":{"0":{"start":{"line":1,"column":16},"end":{"line":1,"column":34}},"1":{"start":{"line":2,"column":13},"end":{"line":2,"column":28}},"2":{"start":{"line":3,"column":15},"end":{"line":3,"column":32}},"3":{"start":{"line":4,"column":23},"end":{"line":4,"column":38}},"4":{"start":{"line":5,"column":14},"end":{"line":5,"column":30}},"5":{"start":{"line":7,"column":12},"end":{"line":7,"column":21}},"6":{"start":{"line":8,"column":13},"end":{"line":8,"column":37}},"7":{"start":{"line":9,"column":25},"end":{"line":9,"column":83}},"8":{"start":{"line":10,"column":28},"end":{"line":10,"column":92}},"9":{"start":{"line":12,"column":0},"end":{"line":12,"column":16}},"10":{"start":{"line":13,"column":0},"end":{"line":13,"column":24}},"11":{"start":{"line":14,"column":0},"end":{"line":14,"column":23}},"12":{"start":{"line":17,"column":15},"end":{"line":17,"column":17}},"13":{"start":{"line":19,"column":0},"end":{"line":21,"column":3}},"14":{"start":{"line":20,"column":2},"end":{"line":20,"column":92}},"15":{"start":{"line":23,"column":0},"end":{"line":64,"column":3}},"16":{"start":{"line":24,"column":2},"end":{"line":63,"column":3}},"17":{"start":{"line":25,"column":60},"end":{"line":25,"column":68}},"18":{"start":{"line":27,"column":4},"end":{"line":29,"column":5}},"19":{"start":{"line":28,"column":6},"end":{"line":28,"column":78}},"20":{"start":{"line":32,"column":28},"end":{"line":39,"column":7}},"21":{"start":{"line":37,"column":20},"end":{"line":39,"column":5}},"22":{"start":{"line":41,"column":18},"end":{"line":52,"column":5}},"23":{"start":{"line":54,"column":4},"end":{"line":54,"column":45}},"24":{"start":{"line":54,"column":25},"end":{"line":54,"column":45}},"25":{"start":{"line":55,"column":4},"end":{"line":55,"column":31}},"26":{"start":{"line":58,"column":4},"end":{"line":58,"column":75}},"27":{"start":{"line":60,"column":4},"end":{"line":60,"column":74}},"28":{"start":{"line":62,"column":4},"end":{"line":62,"column":85}},"29":{"start":{"line":66,"column":0},"end":{"line":70,"column":3}},"30":{"start":{"line":67,"column":21},"end":{"line":67,"column":31}},"31":{"start":{"line":68,"column":21},"end":{"line":68,"column":41}},"32":{"start":{"line":69,"column":2},"end":{"line":69,"column":35}},"33":{"start":{"line":72,"column":0},"end":{"line":78,"column":3}},"34":{"start":{"line":73,"column":30},"end":{"line":73,"column":40}},"35":{"start":{"line":74,"column":21},"end":{"line":74,"column":41}},"36":{"start":{"line":75,"column":16},"end":{"line":75,"column":54}},"37":{"start":{"line":75,"column":37},"end":{"line":75,"column":53}},"38":{"start":{"line":76,"column":2},"end":{"line":76,"column":72}},"39":{"start":{"line":76,"column":14},"end":{"line":76,"column":72}},"40":{"start":{"line":77,"column":2},"end":{"line":77,"column":22}},"41":{"start":{"line":80,"column":0},"end":{"line":90,"column":3}},"42":{"start":{"line":81,"column":30},"end":{"line":81,"column":40}},"43":{"start":{"line":82,"column":21},"end":{"line":82,"column":29}},"44":{"start":{"line":83,"column":21},"end":{"line":83,"column":41}},"45":{"start":{"line":84,"column":16},"end":{"line":84,"column":54}},"46":{"start":{"line":84,"column":37},"end":{"line":84,"column":53}},"47":{"start":{"line":85,"column":2},"end":{"line":85,"column":72}},"48":{"start":{"line":85,"column":14},"end":{"line":85,"column":72}},"49":{"start":{"line":87,"column":2},"end":{"line":87,"column":24}},"50":{"start":{"line":88,"column":2},"end":{"line":88,"column":45}},"51":{"start":{"line":89,"column":2},"end":{"line":89,"column":55}},"52":{"start":{"line":92,"column":0},"end":{"line":94,"column":3}},"53":{"start":{"line":93,"column":2},"end":{"line":93,"column":41}},"54":{"start":{"line":96,"column":15},"end":{"line":98,"column":2}},"55":{"start":{"line":97,"column":2},"end":{"line":97,"column":55}},"56":{"start":{"line":100,"column":0},"end":{"line":100,"column":33}}},"fnMap":{"0":{"name":"(anonymous_0)","decl":{"start":{"line":19,"column":23},"end":{"line":19,"column":24}},"loc":{"start":{"line":19,"column":37},"end":{"line":21,"column":1}},"line":19},"1":{"name":"(anonymous_1)","decl":{"start":{"line":23,"column":24},"end":{"line":23,"column":25}},"loc":{"start":{"line":23,"column":44},"end":{"line":64,"column":1}},"line":23},"2":{"name":"(anonymous_2)","decl":{"start":{"line":37,"column":13},"end":{"line":37,"column":14}},"loc":{"start":{"line":37,"column":20},"end":{"line":39,"column":5}},"line":37},"3":{"name":"(anonymous_3)","decl":{"start":{"line":58,"column":65},"end":{"line":58,"column":66}},"loc":{"start":{"line":58,"column":71},"end":{"line":58,"column":73}},"line":58},"4":{"name":"(anonymous_4)","decl":{"start":{"line":66,"column":31},"end":{"line":66,"column":32}},"loc":{"start":{"line":66,"column":45},"end":{"line":70,"column":1}},"line":66},"5":{"name":"(anonymous_5)","decl":{"start":{"line":72,"column":40},"end":{"line":72,"column":41}},"loc":{"start":{"line":72,"column":54},"end":{"line":78,"column":1}},"line":72},"6":{"name":"(anonymous_6)","decl":{"start":{"line":75,"column":32},"end":{"line":75,"column":33}},"loc":{"start":{"line":75,"column":37},"end":{"line":75,"column":53}},"line":75},"7":{"name":"(anonymous_7)","decl":{"start":{"line":80,"column":47},"end":{"line":80,"column":48}},"loc":{"start":{"line":80,"column":61},"end":{"line":90,"column":1}},"line":80},"8":{"name":"(anonymous_8)","decl":{"start":{"line":84,"column":32},"end":{"line":84,"column":33}},"loc":{"start":{"line":84,"column":37},"end":{"line":84,"column":53}},"line":84},"9":{"name":"(anonymous_9)","decl":{"start":{"line":92,"column":19},"end":{"line":92,"column":20}},"loc":{"start":{"line":92,"column":33},"end":{"line":94,"column":1}},"line":92},"10":{"name":"(anonymous_10)","decl":{"start":{"line":96,"column":32},"end":{"line":96,"column":33}},"loc":{"start":{"line":96,"column":38},"end":{"line":98,"column":1}},"line":96}},"branchMap":{"0":{"loc":{"start":{"line":8,"column":13},"end":{"line":8,"column":37}},"type":"binary-expr","locations":[{"start":{"line":8,"column":13},"end":{"line":8,"column":29}},{"start":{"line":8,"column":33},"end":{"line":8,"column":37}}],"line":8},"1":{"loc":{"start":{"line":9,"column":25},"end":{"line":9,"column":83}},"type":"binary-expr","locations":[{"start":{"line":9,"column":25},"end":{"line":9,"column":53}},{"start":{"line":9,"column":57},"end":{"line":9,"column":83}}],"line":9},"2":{"loc":{"start":{"line":10,"column":28},"end":{"line":10,"column":92}},"type":"binary-expr","locations":[{"start":{"line":10,"column":28},"end":{"line":10,"column":59}},{"start":{"line":10,"column":63},"end":{"line":10,"column":92}}],"line":10},"3":{"loc":{"start":{"line":27,"column":4},"end":{"line":29,"column":5}},"type":"if","locations":[{"start":{"line":27,"column":4},"end":{"line":29,"column":5}},{"start":{},"end":{}}],"line":27},"4":{"loc":{"start":{"line":27,"column":8},"end":{"line":27,"column":42}},"type":"binary-expr","locations":[{"start":{"line":27,"column":8},"end":{"line":27,"column":15}},{"start":{"line":27,"column":19},"end":{"line":27,"column":25}},{"start":{"line":27,"column":29},"end":{"line":27,"column":42}}],"line":27},"5":{"loc":{"start":{"line":36,"column":21},"end":{"line":36,"column":60}},"type":"binary-expr","locations":[{"start":{"line":36,"column":21},"end":{"line":36,"column":43}},{"start":{"line":36,"column":47},"end":{"line":36,"column":60}}],"line":36},"6":{"loc":{"start":{"line":54,"column":4},"end":{"line":54,"column":45}},"type":"if","locations":[{"start":{"line":54,"column":4},"end":{"line":54,"column":45}},{"start":{},"end":{}}],"line":54},"7":{"loc":{"start":{"line":68,"column":21},"end":{"line":68,"column":41}},"type":"binary-expr","locations":[{"start":{"line":68,"column":21},"end":{"line":68,"column":35}},{"start":{"line":68,"column":39},"end":{"line":68,"column":41}}],"line":68},"8":{"loc":{"start":{"line":74,"column":21},"end":{"line":74,"column":41}},"type":"binary-expr","locations":[{"start":{"line":74,"column":21},"end":{"line":74,"column":35}},{"start":{"line":74,"column":39},"end":{"line":74,"column":41}}],"line":74},"9":{"loc":{"start":{"line":76,"column":2},"end":{"line":76,"column":72}},"type":"if","locations":[{"start":{"line":76,"column":2},"end":{"line":76,"column":72}},{"start":{},"end":{}}],"line":76},"10":{"loc":{"start":{"line":83,"column":21},"end":{"line":83,"column":41}},"type":"binary-expr","locations":[{"start":{"line":83,"column":21},"end":{"line":83,"column":35}},{"start":{"line":83,"column":39},"end":{"line":83,"column":41}}],"line":83},"11":{"loc":{"start":{"line":85,"column":2},"end":{"line":85,"column":72}},"type":"if","locations":[{"start":{"line":85,"column":2},"end":{"line":85,"column":72}},{"start":{},"end":{}}],"line":85}},"s":{"0":1,"1":1,"2":1,"3":1,"4":1,"5":1,"6":1,"7":1,"8":1,"9":1,"10":1,"11":1,"12":1,"13":1,"14":1,"15":1,"16":2,"17":2,"18":2,"19":1,"20":1,"21":1,"22":1,"23":1,"24":1,"25":1,"26":1,"27":1,"28":0,"29":1,"30":1,"31":1,"32":1,"33":1,"34":1,"35":1,"36":1,"37":1,"38":1,"39":0,"40":1,"41":1,"42":0,"43":0,"44":0,"45":0,"46":0,"47":0,"48":0,"49":0,"50":0,"51":0,"52":1,"53":0,"54":1,"55":1,"56":1},"f":{"0":1,"1":2,"2":1,"3":1,"4":1,"5":1,"6":1,"7":0,"8":0,"9":0,"10":1},"b":{"0":[1,1],"1":[1,1],"2":[1,1],"3":[1,1],"4":[2,2,2],"5":[1,1],"6":[1,0],"7":[1,0],"8":[1,0],"9":[0,1],"10":[0,0],"11":[0,0]},"_coverageSchema":"1a1c01bbd47fc00a2c39e90264f33305004495a9","hash":"c311af150b43c2d462aeeef589584a76b8cebb75"}
}
