{"/home/test/ecommerce-devops/product-service/src/server.js": {"path":"/home/test/ecommerce-devops/product-service/src/server.js","statementMap":{"0":{"start":{"line":1,"column":16},"end":{"line":1,"column":34}},"1":{"start":{"line":2,"column":13},"end":{"line":2,"column":28}},"2":{"start":{"line":3,"column":15},"end":{"line":3,"column":32}},"3":{"start":{"line":5,"column":12},"end":{"line":5,"column":21}},"4":{"start":{"line":6,"column":13},"end":{"line":6,"column":37}},"5":{"start":{"line":8,"column":0},"end":{"line":8,"column":16}},"6":{"start":{"line":9,"column":0},"end":{"line":9,"column":24}},"7":{"start":{"line":10,"column":0},"end":{"line":10,"column":23}},"8":{"start":{"line":12,"column":17},"end":{"line":25,"column":1}},"9":{"start":{"line":28,"column":0},"end":{"line":30,"column":3}},"10":{"start":{"line":29,"column":2},"end":{"line":29,"column":94}},"11":{"start":{"line":32,"column":0},"end":{"line":62,"column":3}},"12":{"start":{"line":33,"column":59},"end":{"line":33,"column":68}},"13":{"start":{"line":34,"column":17},"end":{"line":34,"column":30}},"14":{"start":{"line":36,"column":2},"end":{"line":38,"column":3}},"15":{"start":{"line":37,"column":4},"end":{"line":37,"column":89}},"16":{"start":{"line":37,"column":36},"end":{"line":37,"column":87}},"17":{"start":{"line":40,"column":2},"end":{"line":47,"column":3}},"18":{"start":{"line":41,"column":17},"end":{"line":41,"column":37}},"19":{"start":{"line":42,"column":4},"end":{"line":46,"column":6}},"20":{"start":{"line":43,"column":6},"end":{"line":45,"column":45}},"21":{"start":{"line":49,"column":2},"end":{"line":52,"column":86}},"22":{"start":{"line":49,"column":28},"end":{"line":49,"column":71}},"23":{"start":{"line":49,"column":52},"end":{"line":49,"column":69}},"24":{"start":{"line":50,"column":7},"end":{"line":52,"column":86}},"25":{"start":{"line":50,"column":34},"end":{"line":50,"column":77}},"26":{"start":{"line":50,"column":58},"end":{"line":50,"column":75}},"27":{"start":{"line":51,"column":7},"end":{"line":52,"column":86}},"28":{"start":{"line":51,"column":30},"end":{"line":51,"column":75}},"29":{"start":{"line":51,"column":54},"end":{"line":51,"column":73}},"30":{"start":{"line":52,"column":7},"end":{"line":52,"column":86}},"31":{"start":{"line":52,"column":31},"end":{"line":52,"column":86}},"32":{"start":{"line":52,"column":55},"end":{"line":52,"column":84}},"33":{"start":{"line":54,"column":16},"end":{"line":54,"column":31}},"34":{"start":{"line":55,"column":19},"end":{"line":55,"column":57}},"35":{"start":{"line":56,"column":20},"end":{"line":56,"column":72}},"36":{"start":{"line":58,"column":2},"end":{"line":61,"column":5}},"37":{"start":{"line":64,"column":0},"end":{"line":67,"column":3}},"38":{"start":{"line":65,"column":21},"end":{"line":65,"column":64}},"39":{"start":{"line":65,"column":51},"end":{"line":65,"column":61}},"40":{"start":{"line":66,"column":2},"end":{"line":66,"column":27}},"41":{"start":{"line":69,"column":0},"end":{"line":73,"column":3}},"42":{"start":{"line":70,"column":18},"end":{"line":70,"column":60}},"43":{"start":{"line":70,"column":37},"end":{"line":70,"column":59}},"44":{"start":{"line":71,"column":2},"end":{"line":71,"column":76}},"45":{"start":{"line":71,"column":16},"end":{"line":71,"column":76}},"46":{"start":{"line":72,"column":2},"end":{"line":72,"column":24}},"47":{"start":{"line":75,"column":0},"end":{"line":77,"column":3}},"48":{"start":{"line":76,"column":2},"end":{"line":76,"column":41}},"49":{"start":{"line":80,"column":0},"end":{"line":84,"column":1}},"50":{"start":{"line":81,"column":2},"end":{"line":83,"column":5}},"51":{"start":{"line":82,"column":4},"end":{"line":82,"column":59}},"52":{"start":{"line":86,"column":0},"end":{"line":86,"column":33}}},"fnMap":{"0":{"name":"(anonymous_0)","decl":{"start":{"line":28,"column":23},"end":{"line":28,"column":24}},"loc":{"start":{"line":28,"column":37},"end":{"line":30,"column":1}},"line":28},"1":{"name":"(anonymous_1)","decl":{"start":{"line":32,"column":25},"end":{"line":32,"column":26}},"loc":{"start":{"line":32,"column":39},"end":{"line":62,"column":1}},"line":32},"2":{"name":"(anonymous_2)","decl":{"start":{"line":37,"column":31},"end":{"line":37,"column":32}},"loc":{"start":{"line":37,"column":36},"end":{"line":37,"column":87}},"line":37},"3":{"name":"(anonymous_3)","decl":{"start":{"line":42,"column":31},"end":{"line":42,"column":32}},"loc":{"start":{"line":43,"column":6},"end":{"line":45,"column":45}},"line":43},"4":{"name":"(anonymous_4)","decl":{"start":{"line":49,"column":42},"end":{"line":49,"column":43}},"loc":{"start":{"line":49,"column":52},"end":{"line":49,"column":69}},"line":49},"5":{"name":"(anonymous_5)","decl":{"start":{"line":50,"column":48},"end":{"line":50,"column":49}},"loc":{"start":{"line":50,"column":58},"end":{"line":50,"column":75}},"line":50},"6":{"name":"(anonymous_6)","decl":{"start":{"line":51,"column":44},"end":{"line":51,"column":45}},"loc":{"start":{"line":51,"column":54},"end":{"line":51,"column":73}},"line":51},"7":{"name":"(anonymous_7)","decl":{"start":{"line":52,"column":45},"end":{"line":52,"column":46}},"loc":{"start":{"line":52,"column":55},"end":{"line":52,"column":84}},"line":52},"8":{"name":"(anonymous_8)","decl":{"start":{"line":64,"column":36},"end":{"line":64,"column":37}},"loc":{"start":{"line":64,"column":50},"end":{"line":67,"column":1}},"line":64},"9":{"name":"(anonymous_9)","decl":{"start":{"line":65,"column":46},"end":{"line":65,"column":47}},"loc":{"start":{"line":65,"column":51},"end":{"line":65,"column":61}},"line":65},"10":{"name":"(anonymous_10)","decl":{"start":{"line":69,"column":29},"end":{"line":69,"column":30}},"loc":{"start":{"line":69,"column":43},"end":{"line":73,"column":1}},"line":69},"11":{"name":"(anonymous_11)","decl":{"start":{"line":70,"column":32},"end":{"line":70,"column":33}},"loc":{"start":{"line":70,"column":37},"end":{"line":70,"column":59}},"line":70},"12":{"name":"(anonymous_12)","decl":{"start":{"line":75,"column":19},"end":{"line":75,"column":20}},"loc":{"start":{"line":75,"column":33},"end":{"line":77,"column":1}},"line":75},"13":{"name":"(anonymous_13)","decl":{"start":{"line":81,"column":28},"end":{"line":81,"column":29}},"loc":{"start":{"line":81,"column":34},"end":{"line":83,"column":3}},"line":81}},"branchMap":{"0":{"loc":{"start":{"line":6,"column":13},"end":{"line":6,"column":37}},"type":"binary-expr","locations":[{"start":{"line":6,"column":13},"end":{"line":6,"column":29}},{"start":{"line":6,"column":33},"end":{"line":6,"column":37}}],"line":6},"1":{"loc":{"start":{"line":33,"column":34},"end":{"line":33,"column":42}},"type":"default-arg","locations":[{"start":{"line":33,"column":41},"end":{"line":33,"column":42}}],"line":33},"2":{"loc":{"start":{"line":33,"column":44},"end":{"line":33,"column":54}},"type":"default-arg","locations":[{"start":{"line":33,"column":52},"end":{"line":33,"column":54}}],"line":33},"3":{"loc":{"start":{"line":36,"column":2},"end":{"line":38,"column":3}},"type":"if","locations":[{"start":{"line":36,"column":2},"end":{"line":38,"column":3}},{"start":{},"end":{}}],"line":36},"4":{"loc":{"start":{"line":40,"column":2},"end":{"line":47,"column":3}},"type":"if","locations":[{"start":{"line":40,"column":2},"end":{"line":47,"column":3}},{"start":{},"end":{}}],"line":40},"5":{"loc":{"start":{"line":43,"column":6},"end":{"line":45,"column":45}},"type":"binary-expr","locations":[{"start":{"line":43,"column":6},"end":{"line":43,"column":41}},{"start":{"line":44,"column":6},"end":{"line":44,"column":48}},{"start":{"line":45,"column":6},"end":{"line":45,"column":45}}],"line":43},"6":{"loc":{"start":{"line":49,"column":2},"end":{"line":52,"column":86}},"type":"if","locations":[{"start":{"line":49,"column":2},"end":{"line":52,"column":86}},{"start":{"line":50,"column":7},"end":{"line":52,"column":86}}],"line":49},"7":{"loc":{"start":{"line":50,"column":7},"end":{"line":52,"column":86}},"type":"if","locations":[{"start":{"line":50,"column":7},"end":{"line":52,"column":86}},{"start":{"line":51,"column":7},"end":{"line":52,"column":86}}],"line":50},"8":{"loc":{"start":{"line":51,"column":7},"end":{"line":52,"column":86}},"type":"if","locations":[{"start":{"line":51,"column":7},"end":{"line":52,"column":86}},{"start":{"line":52,"column":7},"end":{"line":52,"column":86}}],"line":51},"9":{"loc":{"start":{"line":52,"column":7},"end":{"line":52,"column":86}},"type":"if","locations":[{"start":{"line":52,"column":7},"end":{"line":52,"column":86}},{"start":{},"end":{}}],"line":52},"10":{"loc":{"start":{"line":71,"column":2},"end":{"line":71,"column":76}},"type":"if","locations":[{"start":{"line":71,"column":2},"end":{"line":71,"column":76}},{"start":{},"end":{}}],"line":71},"11":{"loc":{"start":{"line":80,"column":0},"end":{"line":84,"column":1}},"type":"if","locations":[{"start":{"line":80,"column":0},"end":{"line":84,"column":1}},{"start":{},"end":{}}],"line":80}},"s":{"0":1,"1":1,"2":1,"3":1,"4":1,"5":1,"6":1,"7":1,"8":1,"9":1,"10":1,"11":1,"12":3,"13":3,"14":3,"15":1,"16":12,"17":3,"18":1,"19":1,"20":12,"21":3,"22":0,"23":0,"24":3,"25":0,"26":0,"27":3,"28":0,"29":0,"30":3,"31":0,"32":0,"33":3,"34":3,"35":3,"36":3,"37":1,"38":1,"39":12,"40":1,"41":1,"42":2,"43":13,"44":2,"45":1,"46":1,"47":1,"48":0,"49":1,"50":0,"51":0,"52":1},"f":{"0":1,"1":3,"2":12,"3":12,"4":0,"5":0,"6":0,"7":0,"8":1,"9":12,"10":2,"11":13,"12":0,"13":0},"b":{"0":[1,1],"1":[3],"2":[3],"3":[1,2],"4":[1,2],"5":[12,11,11],"6":[0,3],"7":[0,3],"8":[0,3],"9":[0,3],"10":[1,1],"11":[0,1]},"_coverageSchema":"1a1c01bbd47fc00a2c39e90264f33305004495a9","hash":"12eecfa7bef24cad6b0832547c8d7895fd0b5913"}
}
