TN:
SF:src/server.js
FN:28,(anonymous_0)
FN:32,(anonymous_1)
FN:37,(anonymous_2)
FN:42,(anonymous_3)
FN:49,(anonymous_4)
FN:50,(anonymous_5)
FN:51,(anonymous_6)
FN:52,(anonymous_7)
FN:64,(anonymous_8)
FN:65,(anonymous_9)
FN:69,(anonymous_10)
FN:70,(anonymous_11)
FN:75,(anonymous_12)
FN:81,(anonymous_13)
FNF:14
FNH:8
FNDA:1,(anonymous_0)
FNDA:3,(anonymous_1)
FNDA:12,(anonymous_2)
FNDA:12,(anonymous_3)
FNDA:0,(anonymous_4)
FNDA:0,(anonymous_5)
FNDA:0,(anonymous_6)
FNDA:0,(anonymous_7)
FNDA:1,(anonymous_8)
FNDA:12,(anonymous_9)
FNDA:2,(anonymous_10)
FNDA:13,(anonymous_11)
FNDA:0,(anonymous_12)
FNDA:0,(anonymous_13)
DA:1,1
DA:2,1
DA:3,1
DA:5,1
DA:6,1
DA:8,1
DA:9,1
DA:10,1
DA:12,1
DA:28,1
DA:29,1
DA:32,1
DA:33,3
DA:34,3
DA:36,3
DA:37,12
DA:40,3
DA:41,1
DA:42,1
DA:43,12
DA:49,3
DA:50,3
DA:51,3
DA:52,3
DA:54,3
DA:55,3
DA:56,3
DA:58,3
DA:64,1
DA:65,12
DA:66,1
DA:69,1
DA:70,13
DA:71,2
DA:72,1
DA:75,1
DA:76,0
DA:80,1
DA:81,0
DA:82,0
DA:86,1
LF:41
LH:38
BRDA:6,0,0,1
BRDA:6,0,1,1
BRDA:33,1,0,3
BRDA:33,2,0,3
BRDA:36,3,0,1
BRDA:36,3,1,2
BRDA:40,4,0,1
BRDA:40,4,1,2
BRDA:43,5,0,12
BRDA:43,5,1,11
BRDA:43,5,2,11
BRDA:49,6,0,0
BRDA:49,6,1,3
BRDA:50,7,0,0
BRDA:50,7,1,3
BRDA:51,8,0,0
BRDA:51,8,1,3
BRDA:52,9,0,0
BRDA:52,9,1,3
BRDA:71,10,0,1
BRDA:71,10,1,1
BRDA:80,11,0,0
BRDA:80,11,1,1
BRF:23
BRH:18
end_of_record
