{"/home/test/ecommerce-devops/cart-service/src/server.js": {"path":"/home/test/ecommerce-devops/cart-service/src/server.js","statementMap":{"0":{"start":{"line":1,"column":16},"end":{"line":1,"column":34}},"1":{"start":{"line":2,"column":13},"end":{"line":2,"column":28}},"2":{"start":{"line":3,"column":15},"end":{"line":3,"column":32}},"3":{"start":{"line":5,"column":12},"end":{"line":5,"column":21}},"4":{"start":{"line":6,"column":13},"end":{"line":6,"column":37}},"5":{"start":{"line":7,"column":28},"end":{"line":7,"column":92}},"6":{"start":{"line":9,"column":0},"end":{"line":9,"column":16}},"7":{"start":{"line":10,"column":0},"end":{"line":10,"column":24}},"8":{"start":{"line":11,"column":0},"end":{"line":11,"column":23}},"9":{"start":{"line":14,"column":14},"end":{"line":14,"column":16}},"10":{"start":{"line":17,"column":0},"end":{"line":19,"column":3}},"11":{"start":{"line":18,"column":2},"end":{"line":18,"column":91}},"12":{"start":{"line":21,"column":0},"end":{"line":27,"column":3}},"13":{"start":{"line":22,"column":21},"end":{"line":22,"column":31}},"14":{"start":{"line":23,"column":2},"end":{"line":25,"column":3}},"15":{"start":{"line":24,"column":4},"end":{"line":24,"column":72}},"16":{"start":{"line":26,"column":2},"end":{"line":26,"column":36}},"17":{"start":{"line":29,"column":0},"end":{"line":57,"column":3}},"18":{"start":{"line":30,"column":21},"end":{"line":30,"column":31}},"19":{"start":{"line":31,"column":38},"end":{"line":31,"column":46}},"20":{"start":{"line":33,"column":2},"end":{"line":35,"column":3}},"21":{"start":{"line":34,"column":4},"end":{"line":34,"column":72}},"22":{"start":{"line":37,"column":15},"end":{"line":37,"column":28}},"23":{"start":{"line":38,"column":23},"end":{"line":38,"column":76}},"24":{"start":{"line":38,"column":47},"end":{"line":38,"column":75}},"25":{"start":{"line":40,"column":2},"end":{"line":51,"column":3}},"26":{"start":{"line":41,"column":4},"end":{"line":41,"column":38}},"27":{"start":{"line":44,"column":4},"end":{"line":50,"column":7}},"28":{"start":{"line":53,"column":2},"end":{"line":53,"column":77}},"29":{"start":{"line":53,"column":53},"end":{"line":53,"column":72}},"30":{"start":{"line":54,"column":2},"end":{"line":54,"column":92}},"31":{"start":{"line":54,"column":53},"end":{"line":54,"column":87}},"32":{"start":{"line":56,"column":2},"end":{"line":56,"column":52}},"33":{"start":{"line":59,"column":0},"end":{"line":84,"column":3}},"34":{"start":{"line":60,"column":32},"end":{"line":60,"column":42}},"35":{"start":{"line":61,"column":23},"end":{"line":61,"column":31}},"36":{"start":{"line":63,"column":2},"end":{"line":65,"column":3}},"37":{"start":{"line":64,"column":4},"end":{"line":64,"column":61}},"38":{"start":{"line":67,"column":15},"end":{"line":67,"column":28}},"39":{"start":{"line":68,"column":15},"end":{"line":68,"column":62}},"40":{"start":{"line":68,"column":36},"end":{"line":68,"column":61}},"41":{"start":{"line":70,"column":2},"end":{"line":72,"column":3}},"42":{"start":{"line":71,"column":4},"end":{"line":71,"column":69}},"43":{"start":{"line":74,"column":2},"end":{"line":74,"column":27}},"44":{"start":{"line":76,"column":2},"end":{"line":78,"column":3}},"45":{"start":{"line":77,"column":4},"end":{"line":77,"column":67}},"46":{"start":{"line":77,"column":40},"end":{"line":77,"column":65}},"47":{"start":{"line":80,"column":2},"end":{"line":80,"column":77}},"48":{"start":{"line":80,"column":53},"end":{"line":80,"column":72}},"49":{"start":{"line":81,"column":2},"end":{"line":81,"column":92}},"50":{"start":{"line":81,"column":53},"end":{"line":81,"column":87}},"51":{"start":{"line":83,"column":2},"end":{"line":83,"column":21}},"52":{"start":{"line":86,"column":0},"end":{"line":98,"column":3}},"53":{"start":{"line":87,"column":32},"end":{"line":87,"column":42}},"54":{"start":{"line":89,"column":2},"end":{"line":91,"column":3}},"55":{"start":{"line":90,"column":4},"end":{"line":90,"column":61}},"56":{"start":{"line":93,"column":2},"end":{"line":93,"column":83}},"57":{"start":{"line":93,"column":56},"end":{"line":93,"column":81}},"58":{"start":{"line":94,"column":2},"end":{"line":94,"column":95}},"59":{"start":{"line":94,"column":71},"end":{"line":94,"column":90}},"60":{"start":{"line":95,"column":2},"end":{"line":95,"column":110}},"61":{"start":{"line":95,"column":71},"end":{"line":95,"column":105}},"62":{"start":{"line":97,"column":2},"end":{"line":97,"column":71}},"63":{"start":{"line":100,"column":0},"end":{"line":104,"column":3}},"64":{"start":{"line":101,"column":21},"end":{"line":101,"column":31}},"65":{"start":{"line":102,"column":2},"end":{"line":102,"column":70}},"66":{"start":{"line":103,"column":2},"end":{"line":103,"column":61}},"67":{"start":{"line":106,"column":0},"end":{"line":108,"column":3}},"68":{"start":{"line":107,"column":2},"end":{"line":107,"column":41}},"69":{"start":{"line":110,"column":15},"end":{"line":112,"column":2}},"70":{"start":{"line":111,"column":2},"end":{"line":111,"column":54}},"71":{"start":{"line":114,"column":0},"end":{"line":114,"column":33}}},"fnMap":{"0":{"name":"(anonymous_0)","decl":{"start":{"line":17,"column":23},"end":{"line":17,"column":24}},"loc":{"start":{"line":17,"column":37},"end":{"line":19,"column":1}},"line":17},"1":{"name":"(anonymous_1)","decl":{"start":{"line":21,"column":29},"end":{"line":21,"column":30}},"loc":{"start":{"line":21,"column":43},"end":{"line":27,"column":1}},"line":21},"2":{"name":"(anonymous_2)","decl":{"start":{"line":29,"column":36},"end":{"line":29,"column":37}},"loc":{"start":{"line":29,"column":56},"end":{"line":57,"column":1}},"line":29},"3":{"name":"(anonymous_3)","decl":{"start":{"line":38,"column":39},"end":{"line":38,"column":40}},"loc":{"start":{"line":38,"column":47},"end":{"line":38,"column":75}},"line":38},"4":{"name":"(anonymous_4)","decl":{"start":{"line":53,"column":38},"end":{"line":53,"column":39}},"loc":{"start":{"line":53,"column":53},"end":{"line":53,"column":72}},"line":53},"5":{"name":"(anonymous_5)","decl":{"start":{"line":54,"column":38},"end":{"line":54,"column":39}},"loc":{"start":{"line":54,"column":53},"end":{"line":54,"column":87}},"line":54},"6":{"name":"(anonymous_6)","decl":{"start":{"line":59,"column":46},"end":{"line":59,"column":47}},"loc":{"start":{"line":59,"column":60},"end":{"line":84,"column":1}},"line":59},"7":{"name":"(anonymous_7)","decl":{"start":{"line":68,"column":31},"end":{"line":68,"column":32}},"loc":{"start":{"line":68,"column":36},"end":{"line":68,"column":61}},"line":68},"8":{"name":"(anonymous_8)","decl":{"start":{"line":77,"column":35},"end":{"line":77,"column":36}},"loc":{"start":{"line":77,"column":40},"end":{"line":77,"column":65}},"line":77},"9":{"name":"(anonymous_9)","decl":{"start":{"line":80,"column":38},"end":{"line":80,"column":39}},"loc":{"start":{"line":80,"column":53},"end":{"line":80,"column":72}},"line":80},"10":{"name":"(anonymous_10)","decl":{"start":{"line":81,"column":38},"end":{"line":81,"column":39}},"loc":{"start":{"line":81,"column":53},"end":{"line":81,"column":87}},"line":81},"11":{"name":"(anonymous_11)","decl":{"start":{"line":86,"column":49},"end":{"line":86,"column":50}},"loc":{"start":{"line":86,"column":63},"end":{"line":98,"column":1}},"line":86},"12":{"name":"(anonymous_12)","decl":{"start":{"line":93,"column":51},"end":{"line":93,"column":52}},"loc":{"start":{"line":93,"column":56},"end":{"line":93,"column":81}},"line":93},"13":{"name":"(anonymous_13)","decl":{"start":{"line":94,"column":56},"end":{"line":94,"column":57}},"loc":{"start":{"line":94,"column":71},"end":{"line":94,"column":90}},"line":94},"14":{"name":"(anonymous_14)","decl":{"start":{"line":95,"column":56},"end":{"line":95,"column":57}},"loc":{"start":{"line":95,"column":71},"end":{"line":95,"column":105}},"line":95},"15":{"name":"(anonymous_15)","decl":{"start":{"line":100,"column":32},"end":{"line":100,"column":33}},"loc":{"start":{"line":100,"column":46},"end":{"line":104,"column":1}},"line":100},"16":{"name":"(anonymous_16)","decl":{"start":{"line":106,"column":19},"end":{"line":106,"column":20}},"loc":{"start":{"line":106,"column":33},"end":{"line":108,"column":1}},"line":106},"17":{"name":"(anonymous_17)","decl":{"start":{"line":110,"column":32},"end":{"line":110,"column":33}},"loc":{"start":{"line":110,"column":38},"end":{"line":112,"column":1}},"line":110}},"branchMap":{"0":{"loc":{"start":{"line":6,"column":13},"end":{"line":6,"column":37}},"type":"binary-expr","locations":[{"start":{"line":6,"column":13},"end":{"line":6,"column":29}},{"start":{"line":6,"column":33},"end":{"line":6,"column":37}}],"line":6},"1":{"loc":{"start":{"line":7,"column":28},"end":{"line":7,"column":92}},"type":"binary-expr","locations":[{"start":{"line":7,"column":28},"end":{"line":7,"column":59}},{"start":{"line":7,"column":63},"end":{"line":7,"column":92}}],"line":7},"2":{"loc":{"start":{"line":23,"column":2},"end":{"line":25,"column":3}},"type":"if","locations":[{"start":{"line":23,"column":2},"end":{"line":25,"column":3}},{"start":{},"end":{}}],"line":23},"3":{"loc":{"start":{"line":31,"column":21},"end":{"line":31,"column":33}},"type":"default-arg","locations":[{"start":{"line":31,"column":32},"end":{"line":31,"column":33}}],"line":31},"4":{"loc":{"start":{"line":33,"column":2},"end":{"line":35,"column":3}},"type":"if","locations":[{"start":{"line":33,"column":2},"end":{"line":35,"column":3}},{"start":{},"end":{}}],"line":33},"5":{"loc":{"start":{"line":40,"column":2},"end":{"line":51,"column":3}},"type":"if","locations":[{"start":{"line":40,"column":2},"end":{"line":51,"column":3}},{"start":{"line":42,"column":9},"end":{"line":51,"column":3}}],"line":40},"6":{"loc":{"start":{"line":63,"column":2},"end":{"line":65,"column":3}},"type":"if","locations":[{"start":{"line":63,"column":2},"end":{"line":65,"column":3}},{"start":{},"end":{}}],"line":63},"7":{"loc":{"start":{"line":70,"column":2},"end":{"line":72,"column":3}},"type":"if","locations":[{"start":{"line":70,"column":2},"end":{"line":72,"column":3}},{"start":{},"end":{}}],"line":70},"8":{"loc":{"start":{"line":76,"column":2},"end":{"line":78,"column":3}},"type":"if","locations":[{"start":{"line":76,"column":2},"end":{"line":78,"column":3}},{"start":{},"end":{}}],"line":76},"9":{"loc":{"start":{"line":89,"column":2},"end":{"line":91,"column":3}},"type":"if","locations":[{"start":{"line":89,"column":2},"end":{"line":91,"column":3}},{"start":{},"end":{}}],"line":89}},"s":{"0":1,"1":1,"2":1,"3":1,"4":1,"5":1,"6":1,"7":1,"8":1,"9":1,"10":1,"11":1,"12":1,"13":1,"14":1,"15":1,"16":1,"17":1,"18":3,"19":3,"20":3,"21":0,"22":3,"23":3,"24":1,"25":3,"26":1,"27":2,"28":3,"29":3,"30":3,"31":3,"32":3,"33":1,"34":1,"35":1,"36":1,"37":0,"38":1,"39":1,"40":1,"41":1,"42":0,"43":1,"44":1,"45":0,"46":0,"47":1,"48":1,"49":1,"50":1,"51":1,"52":1,"53":1,"54":1,"55":0,"56":1,"57":1,"58":1,"59":0,"60":1,"61":0,"62":1,"63":1,"64":1,"65":1,"66":1,"67":1,"68":0,"69":1,"70":1,"71":1},"f":{"0":1,"1":1,"2":3,"3":1,"4":3,"5":3,"6":1,"7":1,"8":0,"9":1,"10":1,"11":1,"12":1,"13":0,"14":0,"15":1,"16":0,"17":1},"b":{"0":[1,1],"1":[1,1],"2":[1,0],"3":[0],"4":[0,3],"5":[1,2],"6":[0,1],"7":[0,1],"8":[0,1],"9":[0,1]},"_coverageSchema":"1a1c01bbd47fc00a2c39e90264f33305004495a9","hash":"0e44cc2dc0ac264600d1f2b11d82ccb25b20a237"}
}
