TN:
SF:src/server.js
FN:17,(anonymous_0)
FN:21,(anonymous_1)
FN:29,(anonymous_2)
FN:38,(anonymous_3)
FN:53,(anonymous_4)
FN:54,(anonymous_5)
FN:59,(anonymous_6)
FN:68,(anonymous_7)
FN:77,(anonymous_8)
FN:80,(anonymous_9)
FN:81,(anonymous_10)
FN:86,(anonymous_11)
FN:93,(anonymous_12)
FN:94,(anonymous_13)
FN:95,(anonymous_14)
FN:100,(anonymous_15)
FN:106,(anonymous_16)
FN:110,(anonymous_17)
FNF:18
FNH:14
FNDA:1,(anonymous_0)
FNDA:1,(anonymous_1)
FNDA:3,(anonymous_2)
FNDA:1,(anonymous_3)
FNDA:3,(anonymous_4)
FNDA:3,(anonymous_5)
FNDA:1,(anonymous_6)
FNDA:1,(anonymous_7)
FNDA:0,(anonymous_8)
FNDA:1,(anonymous_9)
FNDA:1,(anonymous_10)
FNDA:1,(anonymous_11)
FNDA:1,(anonymous_12)
FNDA:0,(anonymous_13)
FNDA:0,(anonymous_14)
FNDA:1,(anonymous_15)
FNDA:0,(anonymous_16)
FNDA:1,(anonymous_17)
DA:1,1
DA:2,1
DA:3,1
DA:5,1
DA:6,1
DA:7,1
DA:9,1
DA:10,1
DA:11,1
DA:14,1
DA:17,1
DA:18,1
DA:21,1
DA:22,1
DA:23,1
DA:24,1
DA:26,1
DA:29,1
DA:30,3
DA:31,3
DA:33,3
DA:34,0
DA:37,3
DA:38,3
DA:40,3
DA:41,1
DA:44,2
DA:53,3
DA:54,3
DA:56,3
DA:59,1
DA:60,1
DA:61,1
DA:63,1
DA:64,0
DA:67,1
DA:68,1
DA:70,1
DA:71,0
DA:74,1
DA:76,1
DA:77,0
DA:80,1
DA:81,1
DA:83,1
DA:86,1
DA:87,1
DA:89,1
DA:90,0
DA:93,1
DA:94,1
DA:95,1
DA:97,1
DA:100,1
DA:101,1
DA:102,1
DA:103,1
DA:106,1
DA:107,0
DA:110,1
DA:111,1
DA:114,1
LF:62
LH:56
BRDA:6,0,0,1
BRDA:6,0,1,1
BRDA:7,1,0,1
BRDA:7,1,1,1
BRDA:23,2,0,1
BRDA:23,2,1,0
BRDA:31,3,0,0
BRDA:33,4,0,0
BRDA:33,4,1,3
BRDA:40,5,0,1
BRDA:40,5,1,2
BRDA:63,6,0,0
BRDA:63,6,1,1
BRDA:70,7,0,0
BRDA:70,7,1,1
BRDA:76,8,0,0
BRDA:76,8,1,1
BRDA:89,9,0,0
BRDA:89,9,1,1
BRF:19
BRH:12
end_of_record
